d:\source\repos\windowsproject1\windowsproject1\x64\debug\vc143.pdb
d:\source\repos\windowsproject1\windowsproject1\x64\debug\vc143.idb
d:\source\repos\windowsproject1\windowsproject1\x64\debug\screenshotobj.obj
d:\source\repos\windowsproject1\windowsproject1\x64\debug\obsbasic_screenshots.obj
d:\source\repos\windowsproject1\windowsproject1\x64\debug\windowsproject1.obj
d:\source\repos\windowsproject1\x64\debug\windowsproject1.exe
d:\source\repos\windowsproject1\x64\debug\windowsproject1.pdb
d:\source\repos\windowsproject1\windowsproject1\x64\debug\windowsproject1.res
d:\source\repos\windowsproject1\windowsproject1\x64\debug\windowsproject1.ilk
d:\source\repos\windowsproject1\windowsproject1\x64\debug\windowsproject1.tlog\cl.command.1.tlog
d:\source\repos\windowsproject1\windowsproject1\x64\debug\windowsproject1.tlog\cl.items.tlog
d:\source\repos\windowsproject1\windowsproject1\x64\debug\windowsproject1.tlog\cl.read.1.tlog
d:\source\repos\windowsproject1\windowsproject1\x64\debug\windowsproject1.tlog\cl.write.1.tlog
d:\source\repos\windowsproject1\windowsproject1\x64\debug\windowsproject1.tlog\link.command.1.tlog
d:\source\repos\windowsproject1\windowsproject1\x64\debug\windowsproject1.tlog\link.read.1.tlog
d:\source\repos\windowsproject1\windowsproject1\x64\debug\windowsproject1.tlog\link.secondary.1.tlog
d:\source\repos\windowsproject1\windowsproject1\x64\debug\windowsproject1.tlog\link.write.1.tlog
d:\source\repos\windowsproject1\windowsproject1\x64\debug\windowsproject1.tlog\rc.command.1.tlog
d:\source\repos\windowsproject1\windowsproject1\x64\debug\windowsproject1.tlog\rc.read.1.tlog
d:\source\repos\windowsproject1\windowsproject1\x64\debug\windowsproject1.tlog\rc.write.1.tlog
